D:\STUFF\WE-CAN_2013-DEMO\CODE\GRAPHICSLIBRARY\DEBUG\BOUNDINGBOX.OBJ
D:\STUFF\WE-CAN_2013-DEMO\CODE\GRAPHICSLIBRARY\DEBUG\BOUNDINGSPHERE.OBJ
D:\STUFF\WE-CAN_2013-DEMO\CODE\GRAPHICSLIBRARY\DEBUG\CUBETEXTURE.OBJ
D:\STUFF\WE-CAN_2013-DEMO\CODE\GRAPHICSLIBRARY\DEBUG\FRAMEBUFFER.OBJ
D:\STUFF\WE-CAN_2013-DEMO\CODE\GRAPHICSLIBRARY\DEBUG\MATERIAL.OBJ
D:\STUFF\WE-CAN_2013-DEMO\CODE\GRAPHICSLIBRARY\DEBUG\MESH.OBJ
D:\STUFF\WE-CAN_2013-DEMO\CODE\GRAPHICSLIBRARY\DEBUG\MODEL.OBJ
D:\STUFF\WE-CAN_2013-DEMO\CODE\GRAPHICSLIBRARY\DEBUG\OPENGLWINDOW.OBJ
D:\STUFF\WE-CAN_2013-DEMO\CODE\GRAPHICSLIBRARY\DEBUG\SHADER.OBJ
D:\STUFF\WE-CAN_2013-DEMO\CODE\GRAPHICSLIBRARY\DEBUG\STEERCAMERA.OBJ
D:\STUFF\WE-CAN_2013-DEMO\CODE\GRAPHICSLIBRARY\DEBUG\TEXTURE.OBJ
D:\STUFF\WE-CAN_2013-DEMO\CODE\GRAPHICSLIBRARY\DEBUG\TIMECONTROL.OBJ
D:\STUFF\WE-CAN_2013-DEMO\CODE\GRAPHICSLIBRARY\DEBUG\UTILS.OBJ
D:\STUFF\WE-CAN_2013-DEMO\CODE\GRAPHICSLIBRARY\DEBUG\VC110.PDB
D:\STUFF\WE-CAN_2013-DEMO\CODE\GRAPHICSLIBRARY\DEBUG\ANIMATION.OBJ
D:\STUFF\WE-CAN_2013-DEMO\CODE\GRAPHICSLIBRARY\DEBUG\DEPTHTEXTURE.OBJ
d:\stuff\we-can_2013-demo\code\GraphicsLibrary\Debug\Animation.obj
d:\stuff\we-can_2013-demo\code\GraphicsLibrary\Debug\BoundingBox.obj
d:\stuff\we-can_2013-demo\code\GraphicsLibrary\Debug\BoundingSphere.obj
d:\stuff\we-can_2013-demo\code\GraphicsLibrary\Debug\CubeTexture.obj
d:\stuff\we-can_2013-demo\code\GraphicsLibrary\Debug\DepthTexture.obj
d:\stuff\we-can_2013-demo\code\GraphicsLibrary\Debug\Framebuffer.obj
d:\stuff\we-can_2013-demo\code\GraphicsLibrary\Debug\Material.obj
d:\stuff\we-can_2013-demo\code\GraphicsLibrary\Debug\Mesh.obj
d:\stuff\we-can_2013-demo\code\GraphicsLibrary\Debug\Model.obj
d:\stuff\we-can_2013-demo\code\GraphicsLibrary\Debug\OpenglWindow.obj
d:\stuff\we-can_2013-demo\code\GraphicsLibrary\Debug\Shader.obj
d:\stuff\we-can_2013-demo\code\GraphicsLibrary\Debug\SteerCamera.obj
d:\stuff\we-can_2013-demo\code\GraphicsLibrary\Debug\Texture.obj
d:\stuff\we-can_2013-demo\code\GraphicsLibrary\Debug\TimeControl.obj
d:\stuff\we-can_2013-demo\code\GraphicsLibrary\Debug\Utils.obj
d:\stuff\we-can_2013-demo\code\GraphicsLibrary\Debug\cl.command.1.tlog
d:\stuff\we-can_2013-demo\code\GraphicsLibrary\Debug\CL.read.1.tlog
d:\stuff\we-can_2013-demo\code\GraphicsLibrary\Debug\CL.write.1.tlog
d:\stuff\we-can_2013-demo\code\GraphicsLibrary\Debug\vc110.idb
d:\stuff\we-can_2013-demo\code\GraphicsLibrary\Debug\vc110.pdb
