Build started 2013-07-25 02:02:07.
     1>Project "d:\stuff\we-can_2013-demo\code\GraphicsLibrary\GraphicsLibrary.vcxproj" on node 2 (Build target(s)).
     1>Lib:
         C:\Program Files (x86)\Microsoft Visual Studio 11.0\VC\bin\Lib.exe /OUT:"D:\stuff\we-can_2013-demo\code\Output\Debug\GraphicsLibrary.lib" /NOLOGO Debug\Animation.obj
         Debug\AnimCamera.obj
         Debug\BoundingBox.obj
         Debug\BoundingSphere.obj
         Debug\CubeTexture.obj
         Debug\DepthTexture.obj
         Debug\Framebuffer.obj
         Debug\Material.obj
         Debug\Mesh.obj
         Debug\MeshPart.obj
         Debug\Model.obj
         Debug\OpenglWindow.obj
         Debug\Shader.obj
         Debug\SteerCamera.obj
         Debug\Texture.obj
         Debug\TimeControl.obj
         Debug\Utils.obj
         GraphicsLibrary.vcxproj -> D:\stuff\we-can_2013-demo\code\Output\Debug\GraphicsLibrary.lib
     1>Done Building Project "d:\stuff\we-can_2013-demo\code\GraphicsLibrary\GraphicsLibrary.vcxproj" (Build target(s)).

Build succeeded.

Time Elapsed 00:00:00.34
